{"name":"hexo","hostname":"wlqdeMacBook-Pro.local","pid":3655,"level":20,"msg":"Hexo version: \u001b[35m3.2.2\u001b[39m","time":"2017-02-18T06:27:49.968Z","v":0}
{"name":"hexo","hostname":"wlqdeMacBook-Pro.local","pid":3655,"level":20,"msg":"Working directory: \u001b[35m~/Desktop/wangliquan.github.io/\u001b[39m","time":"2017-02-18T06:27:49.971Z","v":0}
{"name":"hexo","hostname":"wlqdeMacBook-Pro.local","pid":3655,"level":20,"msg":"Config loaded: \u001b[35m~/Desktop/wangliquan.github.io/_config.yml\u001b[39m","time":"2017-02-18T06:27:50.084Z","v":0}
{"name":"hexo","hostname":"wlqdeMacBook-Pro.local","pid":3655,"level":20,"msg":"Plugin loaded: \u001b[35mhexo-deployer-git\u001b[39m","time":"2017-02-18T06:27:50.380Z","v":0}
{"name":"hexo","hostname":"wlqdeMacBook-Pro.local","pid":3655,"level":20,"msg":"Plugin loaded: \u001b[35mhexo-generator-category\u001b[39m","time":"2017-02-18T06:27:50.384Z","v":0}
{"name":"hexo","hostname":"wlqdeMacBook-Pro.local","pid":3655,"level":20,"msg":"Plugin loaded: \u001b[35mhexo-generator-index\u001b[39m","time":"2017-02-18T06:27:50.388Z","v":0}
{"name":"hexo","hostname":"wlqdeMacBook-Pro.local","pid":3655,"level":20,"msg":"Plugin loaded: \u001b[35mhexo-generator-archive\u001b[39m","time":"2017-02-18T06:27:50.391Z","v":0}
{"name":"hexo","hostname":"wlqdeMacBook-Pro.local","pid":3655,"level":20,"msg":"Plugin loaded: \u001b[35mhexo-renderer-ejs\u001b[39m","time":"2017-02-18T06:27:50.396Z","v":0}
{"name":"hexo","hostname":"wlqdeMacBook-Pro.local","pid":3655,"level":20,"msg":"Plugin loaded: \u001b[35mhexo-renderer-marked\u001b[39m","time":"2017-02-18T06:27:50.488Z","v":0}
{"name":"hexo","hostname":"wlqdeMacBook-Pro.local","pid":3655,"level":20,"msg":"Plugin loaded: \u001b[35mhexo-renderer-stylus\u001b[39m","time":"2017-02-18T06:27:50.489Z","v":0}
{"name":"hexo","hostname":"wlqdeMacBook-Pro.local","pid":3655,"level":20,"msg":"Plugin loaded: \u001b[35mhexo-generator-tag\u001b[39m","time":"2017-02-18T06:27:50.494Z","v":0}
{"name":"hexo","hostname":"wlqdeMacBook-Pro.local","pid":3655,"level":20,"msg":"Script loaded: \u001b[35mthemes/next/scripts/merge-configs.js\u001b[39m","time":"2017-02-18T06:27:50.494Z","v":0}
{"name":"hexo","hostname":"wlqdeMacBook-Pro.local","pid":3655,"level":20,"msg":"Plugin loaded: \u001b[35mhexo-server\u001b[39m","time":"2017-02-18T06:27:50.641Z","v":0}
{"name":"hexo","hostname":"wlqdeMacBook-Pro.local","pid":3655,"level":20,"msg":"Script loaded: \u001b[35mthemes/next/scripts/tags/center-quote.js\u001b[39m","time":"2017-02-18T06:27:50.642Z","v":0}
{"name":"hexo","hostname":"wlqdeMacBook-Pro.local","pid":3655,"level":20,"msg":"Script loaded: \u001b[35mthemes/next/scripts/tags/button.js\u001b[39m","time":"2017-02-18T06:27:50.642Z","v":0}
{"name":"hexo","hostname":"wlqdeMacBook-Pro.local","pid":3655,"level":20,"msg":"Script loaded: \u001b[35mthemes/next/scripts/tags/full-image.js\u001b[39m","time":"2017-02-18T06:27:50.642Z","v":0}
{"name":"hexo","hostname":"wlqdeMacBook-Pro.local","pid":3655,"level":20,"msg":"Script loaded: \u001b[35mthemes/next/scripts/tags/note.js\u001b[39m","time":"2017-02-18T06:27:50.643Z","v":0}
{"name":"hexo","hostname":"wlqdeMacBook-Pro.local","pid":3655,"level":20,"msg":"Script loaded: \u001b[35mthemes/next/scripts/tags/group-pictures.js\u001b[39m","time":"2017-02-18T06:27:50.644Z","v":0}
{"name":"hexo","hostname":"wlqdeMacBook-Pro.local","pid":3655,"level":20,"msg":"Loading database.","time":"2017-02-18T06:27:50.652Z","v":0}
{"name":"hexo","hostname":"wlqdeMacBook-Pro.local","pid":3655,"level":30,"msg":"Start processing","time":"2017-02-18T06:27:50.662Z","v":0}
{"name":"hexo","hostname":"wlqdeMacBook-Pro.local","pid":3655,"level":20,"msg":"Theme config loaded.","time":"2017-02-18T06:27:50.769Z","v":0}
{"name":"hexo","hostname":"wlqdeMacBook-Pro.local","pid":3655,"level":20,"msg":"Processed: \u001b[35m_config.yml\u001b[39m","time":"2017-02-18T06:27:50.769Z","v":0}
{"name":"hexo","hostname":"wlqdeMacBook-Pro.local","pid":3655,"level":20,"msg":"Processed: \u001b[35msource/css/main.styl\u001b[39m","time":"2017-02-18T06:27:50.776Z","v":0}
{"name":"hexo","hostname":"wlqdeMacBook-Pro.local","pid":3655,"level":20,"msg":"Processed: \u001b[35msource/images/algolia_logo.svg\u001b[39m","time":"2017-02-18T06:27:50.776Z","v":0}
{"name":"hexo","hostname":"wlqdeMacBook-Pro.local","pid":3655,"level":20,"msg":"Processed: \u001b[35msource/images/avatar.gif\u001b[39m","time":"2017-02-18T06:27:50.777Z","v":0}
{"name":"hexo","hostname":"wlqdeMacBook-Pro.local","pid":3655,"level":20,"msg":"Processed: \u001b[35msource/images/cc-by-nc-sa.svg\u001b[39m","time":"2017-02-18T06:27:50.777Z","v":0}
{"name":"hexo","hostname":"wlqdeMacBook-Pro.local","pid":3655,"level":20,"msg":"Processed: \u001b[35msource/images/cc-by-nc.svg\u001b[39m","time":"2017-02-18T06:27:50.777Z","v":0}
{"name":"hexo","hostname":"wlqdeMacBook-Pro.local","pid":3655,"level":20,"msg":"Processed: \u001b[35msource/images/cc-by-nc-nd.svg\u001b[39m","time":"2017-02-18T06:27:50.777Z","v":0}
{"name":"hexo","hostname":"wlqdeMacBook-Pro.local","pid":3655,"level":20,"msg":"Processed: \u001b[35msource/images/cc-by-nd.svg\u001b[39m","time":"2017-02-18T06:27:50.778Z","v":0}
{"name":"hexo","hostname":"wlqdeMacBook-Pro.local","pid":3655,"level":20,"msg":"Processed: \u001b[35msource/images/cc-by-sa.svg\u001b[39m","time":"2017-02-18T06:27:50.778Z","v":0}
{"name":"hexo","hostname":"wlqdeMacBook-Pro.local","pid":3655,"level":20,"msg":"Processed: \u001b[35msource/images/loading.gif\u001b[39m","time":"2017-02-18T06:27:50.778Z","v":0}
{"name":"hexo","hostname":"wlqdeMacBook-Pro.local","pid":3655,"level":20,"msg":"Processed: \u001b[35msource/images/cc-zero.svg\u001b[39m","time":"2017-02-18T06:27:50.778Z","v":0}
{"name":"hexo","hostname":"wlqdeMacBook-Pro.local","pid":3655,"level":20,"msg":"Processed: \u001b[35msource/images/cc-by.svg\u001b[39m","time":"2017-02-18T06:27:50.779Z","v":0}
{"name":"hexo","hostname":"wlqdeMacBook-Pro.local","pid":3655,"level":20,"msg":"Processed: \u001b[35msource/images/placeholder.gif\u001b[39m","time":"2017-02-18T06:27:50.779Z","v":0}
{"name":"hexo","hostname":"wlqdeMacBook-Pro.local","pid":3655,"level":20,"msg":"Processed: \u001b[35msource/images/quote-l.svg\u001b[39m","time":"2017-02-18T06:27:50.779Z","v":0}
{"name":"hexo","hostname":"wlqdeMacBook-Pro.local","pid":3655,"level":20,"msg":"Processed: \u001b[35msource/images/searchicon.png\u001b[39m","time":"2017-02-18T06:27:50.781Z","v":0}
{"name":"hexo","hostname":"wlqdeMacBook-Pro.local","pid":3655,"level":20,"msg":"Processed: \u001b[35msource/images/quote-r.svg\u001b[39m","time":"2017-02-18T06:27:50.781Z","v":0}
{"name":"hexo","hostname":"wlqdeMacBook-Pro.local","pid":3655,"level":20,"msg":"Processed: \u001b[35mlayout/_layout.swig\u001b[39m","time":"2017-02-18T06:27:50.935Z","v":0}
{"name":"hexo","hostname":"wlqdeMacBook-Pro.local","pid":3655,"level":20,"msg":"Processed: \u001b[35mlayout/category.swig\u001b[39m","time":"2017-02-18T06:27:50.935Z","v":0}
{"name":"hexo","hostname":"wlqdeMacBook-Pro.local","pid":3655,"level":20,"msg":"Processed: \u001b[35mlayout/archive.swig\u001b[39m","time":"2017-02-18T06:27:50.935Z","v":0}
{"name":"hexo","hostname":"wlqdeMacBook-Pro.local","pid":3655,"level":20,"msg":"Processed: \u001b[35mlayout/index.swig\u001b[39m","time":"2017-02-18T06:27:50.936Z","v":0}
{"name":"hexo","hostname":"wlqdeMacBook-Pro.local","pid":3655,"level":20,"msg":"Processed: \u001b[35mlayout/page.swig\u001b[39m","time":"2017-02-18T06:27:50.936Z","v":0}
{"name":"hexo","hostname":"wlqdeMacBook-Pro.local","pid":3655,"level":20,"msg":"Processed: \u001b[35mlayout/post.swig\u001b[39m","time":"2017-02-18T06:27:50.936Z","v":0}
{"name":"hexo","hostname":"wlqdeMacBook-Pro.local","pid":3655,"level":20,"msg":"Processed: \u001b[35mlayout/schedule.swig\u001b[39m","time":"2017-02-18T06:27:50.936Z","v":0}
{"name":"hexo","hostname":"wlqdeMacBook-Pro.local","pid":3655,"level":20,"msg":"Processed: \u001b[35mlayout/tag.swig\u001b[39m","time":"2017-02-18T06:27:50.936Z","v":0}
{"name":"hexo","hostname":"wlqdeMacBook-Pro.local","pid":3655,"level":50,"err":{"message":"duplicated mapping key at line 17, column 3:\n      schedule: 日程\n      ^","name":"YAMLException","stack":"YAMLException: duplicated mapping key at line 17, column 3:\n      schedule: 日程\n      ^\n    at generateError (/Users/wlq/Desktop/wangliquan.github.io/node_modules/hexo/node_modules/js-yaml/lib/js-yaml/loader.js:162:10)\n    at throwError (/Users/wlq/Desktop/wangliquan.github.io/node_modules/hexo/node_modules/js-yaml/lib/js-yaml/loader.js:168:9)\n    at storeMappingPair (/Users/wlq/Desktop/wangliquan.github.io/node_modules/hexo/node_modules/js-yaml/lib/js-yaml/loader.js:307:7)\n    at readBlockMapping (/Users/wlq/Desktop/wangliquan.github.io/node_modules/hexo/node_modules/js-yaml/lib/js-yaml/loader.js:1070:9)\n    at composeNode (/Users/wlq/Desktop/wangliquan.github.io/node_modules/hexo/node_modules/js-yaml/lib/js-yaml/loader.js:1331:12)\n    at readBlockMapping (/Users/wlq/Desktop/wangliquan.github.io/node_modules/hexo/node_modules/js-yaml/lib/js-yaml/loader.js:1061:11)\n    at composeNode (/Users/wlq/Desktop/wangliquan.github.io/node_modules/hexo/node_modules/js-yaml/lib/js-yaml/loader.js:1331:12)\n    at readDocument (/Users/wlq/Desktop/wangliquan.github.io/node_modules/hexo/node_modules/js-yaml/lib/js-yaml/loader.js:1493:3)\n    at loadDocuments (/Users/wlq/Desktop/wangliquan.github.io/node_modules/hexo/node_modules/js-yaml/lib/js-yaml/loader.js:1549:5)\n    at Object.load (/Users/wlq/Desktop/wangliquan.github.io/node_modules/hexo/node_modules/js-yaml/lib/js-yaml/loader.js:1566:19)\n    at Hexo.yamlHelper (/Users/wlq/Desktop/wangliquan.github.io/node_modules/hexo/lib/plugins/renderer/yaml.js:7:15)\n    at Hexo.tryCatcher (/Users/wlq/Desktop/wangliquan.github.io/node_modules/hexo/node_modules/bluebird/js/release/util.js:16:23)\n    at Hexo.<anonymous> (/Users/wlq/Desktop/wangliquan.github.io/node_modules/hexo/node_modules/bluebird/js/release/method.js:15:34)\n    at /Users/wlq/Desktop/wangliquan.github.io/node_modules/hexo/lib/hexo/render.js:61:21\n    at tryCatcher (/Users/wlq/Desktop/wangliquan.github.io/node_modules/hexo/node_modules/bluebird/js/release/util.js:16:23)\n    at Promise._settlePromiseFromHandler (/Users/wlq/Desktop/wangliquan.github.io/node_modules/hexo/node_modules/bluebird/js/release/promise.js:510:31)\n    at Promise._settlePromise (/Users/wlq/Desktop/wangliquan.github.io/node_modules/hexo/node_modules/bluebird/js/release/promise.js:567:18)\n    at Promise._settlePromise0 (/Users/wlq/Desktop/wangliquan.github.io/node_modules/hexo/node_modules/bluebird/js/release/promise.js:612:10)\n    at Promise._settlePromises (/Users/wlq/Desktop/wangliquan.github.io/node_modules/hexo/node_modules/bluebird/js/release/promise.js:691:18)\n    at Async._drainQueue (/Users/wlq/Desktop/wangliquan.github.io/node_modules/hexo/node_modules/bluebird/js/release/async.js:133:16)\n    at Async._drainQueues (/Users/wlq/Desktop/wangliquan.github.io/node_modules/hexo/node_modules/bluebird/js/release/async.js:143:10)\n    at Immediate.Async.drainQueues [as _onImmediate] (/Users/wlq/Desktop/wangliquan.github.io/node_modules/hexo/node_modules/bluebird/js/release/async.js:17:14)\n    at processImmediate [as _immediateCallback] (timers.js:383:17)"},"msg":"Process failed: \u001b[35mlanguages/zh-Hans.yml\u001b[39m","time":"2017-02-18T06:27:50.951Z","v":0}
{"name":"hexo","hostname":"wlqdeMacBook-Pro.local","pid":3655,"level":20,"msg":"Processed: \u001b[35mlanguages/de.yml\u001b[39m","time":"2017-02-18T06:27:50.952Z","v":0}
{"name":"hexo","hostname":"wlqdeMacBook-Pro.local","pid":3655,"level":20,"msg":"Processed: \u001b[35mlanguages/en.yml\u001b[39m","time":"2017-02-18T06:27:50.952Z","v":0}
{"name":"hexo","hostname":"wlqdeMacBook-Pro.local","pid":3655,"level":20,"msg":"Processed: \u001b[35mlanguages/default.yml\u001b[39m","time":"2017-02-18T06:27:50.952Z","v":0}
{"name":"hexo","hostname":"wlqdeMacBook-Pro.local","pid":3655,"level":20,"msg":"Processed: \u001b[35mlanguages/fr-FR.yml\u001b[39m","time":"2017-02-18T06:27:50.952Z","v":0}
{"name":"hexo","hostname":"wlqdeMacBook-Pro.local","pid":3655,"level":20,"msg":"Processed: \u001b[35mlanguages/ja.yml\u001b[39m","time":"2017-02-18T06:27:50.952Z","v":0}
{"name":"hexo","hostname":"wlqdeMacBook-Pro.local","pid":3655,"level":20,"msg":"Processed: \u001b[35mlanguages/ko.yml\u001b[39m","time":"2017-02-18T06:27:50.952Z","v":0}
{"name":"hexo","hostname":"wlqdeMacBook-Pro.local","pid":3655,"level":20,"msg":"Processed: \u001b[35mlanguages/pt-BR.yml\u001b[39m","time":"2017-02-18T06:27:50.952Z","v":0}
{"name":"hexo","hostname":"wlqdeMacBook-Pro.local","pid":3655,"level":20,"msg":"Processed: \u001b[35mlanguages/id.yml\u001b[39m","time":"2017-02-18T06:27:50.953Z","v":0}
{"name":"hexo","hostname":"wlqdeMacBook-Pro.local","pid":3655,"level":20,"msg":"Processed: \u001b[35mlanguages/pt.yml\u001b[39m","time":"2017-02-18T06:27:50.953Z","v":0}
{"name":"hexo","hostname":"wlqdeMacBook-Pro.local","pid":3655,"level":20,"msg":"Processed: \u001b[35mlanguages/ru.yml\u001b[39m","time":"2017-02-18T06:27:50.953Z","v":0}
{"name":"hexo","hostname":"wlqdeMacBook-Pro.local","pid":3655,"level":20,"msg":"Processed: \u001b[35mlanguages/zh-hk.yml\u001b[39m","time":"2017-02-18T06:27:50.953Z","v":0}
{"name":"hexo","hostname":"wlqdeMacBook-Pro.local","pid":3655,"level":20,"msg":"Processed: \u001b[35mlanguages/zh-tw.yml\u001b[39m","time":"2017-02-18T06:27:50.953Z","v":0}
{"name":"hexo","hostname":"wlqdeMacBook-Pro.local","pid":3655,"level":20,"msg":"Processed: \u001b[35m_posts/test.md\u001b[39m","time":"2017-02-18T06:27:50.953Z","v":0}
{"name":"hexo","hostname":"wlqdeMacBook-Pro.local","pid":3655,"level":20,"msg":"Processed: \u001b[35m_posts/hello-world.md\u001b[39m","time":"2017-02-18T06:27:50.954Z","v":0}
{"name":"hexo","hostname":"wlqdeMacBook-Pro.local","pid":3655,"level":20,"msg":"Processed: \u001b[35msource/js/src/bootstrap.js\u001b[39m","time":"2017-02-18T06:27:50.962Z","v":0}
{"name":"hexo","hostname":"wlqdeMacBook-Pro.local","pid":3655,"level":20,"msg":"Processed: \u001b[35msource/js/src/affix.js\u001b[39m","time":"2017-02-18T06:27:50.963Z","v":0}
{"name":"hexo","hostname":"wlqdeMacBook-Pro.local","pid":3655,"level":20,"msg":"Processed: \u001b[35msource/js/src/algolia-search.js\u001b[39m","time":"2017-02-18T06:27:50.963Z","v":0}
{"name":"hexo","hostname":"wlqdeMacBook-Pro.local","pid":3655,"level":20,"msg":"Processed: \u001b[35msource/js/src/hook-duoshuo.js\u001b[39m","time":"2017-02-18T06:27:50.964Z","v":0}
{"name":"hexo","hostname":"wlqdeMacBook-Pro.local","pid":3655,"level":20,"msg":"Processed: \u001b[35msource/js/src/post-details.js\u001b[39m","time":"2017-02-18T06:27:50.965Z","v":0}
{"name":"hexo","hostname":"wlqdeMacBook-Pro.local","pid":3655,"level":20,"msg":"Processed: \u001b[35msource/js/src/scrollspy.js\u001b[39m","time":"2017-02-18T06:27:50.966Z","v":0}
{"name":"hexo","hostname":"wlqdeMacBook-Pro.local","pid":3655,"level":20,"msg":"Processed: \u001b[35msource/js/src/motion.js\u001b[39m","time":"2017-02-18T06:27:50.966Z","v":0}
{"name":"hexo","hostname":"wlqdeMacBook-Pro.local","pid":3655,"level":20,"msg":"Processed: \u001b[35msource/js/src/utils.js\u001b[39m","time":"2017-02-18T06:27:50.966Z","v":0}
{"name":"hexo","hostname":"wlqdeMacBook-Pro.local","pid":3655,"level":20,"msg":"Processed: \u001b[35msource/lib/algolia-instant-search/instantsearch.min.css\u001b[39m","time":"2017-02-18T06:27:50.967Z","v":0}
{"name":"hexo","hostname":"wlqdeMacBook-Pro.local","pid":3655,"level":20,"msg":"Processed: \u001b[35msource/lib/canvas-nest/canvas-nest.min.js\u001b[39m","time":"2017-02-18T06:27:50.967Z","v":0}
{"name":"hexo","hostname":"wlqdeMacBook-Pro.local","pid":3655,"level":20,"msg":"Processed: \u001b[35msource/lib/fastclick/README.md\u001b[39m","time":"2017-02-18T06:27:50.968Z","v":0}
{"name":"hexo","hostname":"wlqdeMacBook-Pro.local","pid":3655,"level":20,"msg":"Processed: \u001b[35msource/lib/fastclick/bower.json\u001b[39m","time":"2017-02-18T06:27:50.968Z","v":0}
{"name":"hexo","hostname":"wlqdeMacBook-Pro.local","pid":3655,"level":20,"msg":"Processed: \u001b[35msource/lib/fastclick/LICENSE\u001b[39m","time":"2017-02-18T06:27:50.968Z","v":0}
{"name":"hexo","hostname":"wlqdeMacBook-Pro.local","pid":3655,"level":20,"msg":"Processed: \u001b[35msource/lib/font-awesome/HELP-US-OUT.txt\u001b[39m","time":"2017-02-18T06:27:50.970Z","v":0}
{"name":"hexo","hostname":"wlqdeMacBook-Pro.local","pid":3655,"level":20,"msg":"Processed: \u001b[35msource/lib/font-awesome/bower.json\u001b[39m","time":"2017-02-18T06:27:50.970Z","v":0}
{"name":"hexo","hostname":"wlqdeMacBook-Pro.local","pid":3655,"level":20,"msg":"Processed: \u001b[35msource/lib/jquery_lazyload/CONTRIBUTING.md\u001b[39m","time":"2017-02-18T06:27:50.971Z","v":0}
{"name":"hexo","hostname":"wlqdeMacBook-Pro.local","pid":3655,"level":20,"msg":"Processed: \u001b[35msource/lib/jquery_lazyload/README.md\u001b[39m","time":"2017-02-18T06:27:50.972Z","v":0}
{"name":"hexo","hostname":"wlqdeMacBook-Pro.local","pid":3655,"level":20,"msg":"Processed: \u001b[35msource/lib/jquery_lazyload/jquery.lazyload.js\u001b[39m","time":"2017-02-18T06:27:50.972Z","v":0}
{"name":"hexo","hostname":"wlqdeMacBook-Pro.local","pid":3655,"level":20,"msg":"Processed: \u001b[35msource/lib/jquery_lazyload/jquery.scrollstop.js\u001b[39m","time":"2017-02-18T06:27:50.972Z","v":0}
{"name":"hexo","hostname":"wlqdeMacBook-Pro.local","pid":3655,"level":20,"msg":"Processed: \u001b[35msource/lib/jquery_lazyload/bower.json\u001b[39m","time":"2017-02-18T06:27:50.973Z","v":0}
{"name":"hexo","hostname":"wlqdeMacBook-Pro.local","pid":3655,"level":20,"msg":"Processed: \u001b[35msource/lib/velocity/bower.json\u001b[39m","time":"2017-02-18T06:27:50.973Z","v":0}
{"name":"hexo","hostname":"wlqdeMacBook-Pro.local","pid":3655,"level":20,"msg":"Processed: \u001b[35msource/lib/velocity/velocity.min.js\u001b[39m","time":"2017-02-18T06:27:50.973Z","v":0}
{"name":"hexo","hostname":"wlqdeMacBook-Pro.local","pid":3655,"level":20,"msg":"Processed: \u001b[35msource/lib/velocity/velocity.ui.js\u001b[39m","time":"2017-02-18T06:27:50.973Z","v":0}
{"name":"hexo","hostname":"wlqdeMacBook-Pro.local","pid":3655,"level":20,"msg":"Processed: \u001b[35msource/lib/velocity/velocity.ui.min.js\u001b[39m","time":"2017-02-18T06:27:50.973Z","v":0}
{"name":"hexo","hostname":"wlqdeMacBook-Pro.local","pid":3655,"level":20,"msg":"Processed: \u001b[35msource/lib/jquery/index.js\u001b[39m","time":"2017-02-18T06:27:51.003Z","v":0}
{"name":"hexo","hostname":"wlqdeMacBook-Pro.local","pid":3655,"level":20,"msg":"Processed: \u001b[35mlayout/_custom/header.swig\u001b[39m","time":"2017-02-18T06:27:51.049Z","v":0}
{"name":"hexo","hostname":"wlqdeMacBook-Pro.local","pid":3655,"level":20,"msg":"Processed: \u001b[35mlayout/_macro/post-collapse.swig\u001b[39m","time":"2017-02-18T06:27:51.049Z","v":0}
{"name":"hexo","hostname":"wlqdeMacBook-Pro.local","pid":3655,"level":20,"msg":"Processed: \u001b[35mlayout/_macro/sidebar.swig\u001b[39m","time":"2017-02-18T06:27:51.049Z","v":0}
{"name":"hexo","hostname":"wlqdeMacBook-Pro.local","pid":3655,"level":20,"msg":"Processed: \u001b[35mlayout/_custom/sidebar.swig\u001b[39m","time":"2017-02-18T06:27:51.049Z","v":0}
{"name":"hexo","hostname":"wlqdeMacBook-Pro.local","pid":3655,"level":20,"msg":"Processed: \u001b[35mlayout/_macro/post.swig\u001b[39m","time":"2017-02-18T06:27:51.049Z","v":0}
{"name":"hexo","hostname":"wlqdeMacBook-Pro.local","pid":3655,"level":20,"msg":"Processed: \u001b[35mlayout/_macro/reward.swig\u001b[39m","time":"2017-02-18T06:27:51.049Z","v":0}
{"name":"hexo","hostname":"wlqdeMacBook-Pro.local","pid":3655,"level":20,"msg":"Processed: \u001b[35mlayout/_scripts/baidu-push.swig\u001b[39m","time":"2017-02-18T06:27:51.049Z","v":0}
{"name":"hexo","hostname":"wlqdeMacBook-Pro.local","pid":3655,"level":20,"msg":"Processed: \u001b[35mlayout/_macro/wechat-subscriber.swig\u001b[39m","time":"2017-02-18T06:27:51.049Z","v":0}
{"name":"hexo","hostname":"wlqdeMacBook-Pro.local","pid":3655,"level":20,"msg":"Processed: \u001b[35mlayout/_scripts/commons.swig\u001b[39m","time":"2017-02-18T06:27:51.049Z","v":0}
{"name":"hexo","hostname":"wlqdeMacBook-Pro.local","pid":3655,"level":20,"msg":"Processed: \u001b[35mlayout/_scripts/boostrap.swig\u001b[39m","time":"2017-02-18T06:27:51.050Z","v":0}
{"name":"hexo","hostname":"wlqdeMacBook-Pro.local","pid":3655,"level":20,"msg":"Processed: \u001b[35mlayout/_scripts/vendors.swig\u001b[39m","time":"2017-02-18T06:27:51.050Z","v":0}
{"name":"hexo","hostname":"wlqdeMacBook-Pro.local","pid":3655,"level":20,"msg":"Processed: \u001b[35mlayout/_partials/duoshuo-hot-articles.swig\u001b[39m","time":"2017-02-18T06:27:51.050Z","v":0}
{"name":"hexo","hostname":"wlqdeMacBook-Pro.local","pid":3655,"level":20,"msg":"Processed: \u001b[35mlayout/_partials/comments.swig\u001b[39m","time":"2017-02-18T06:27:51.050Z","v":0}
{"name":"hexo","hostname":"wlqdeMacBook-Pro.local","pid":3655,"level":20,"msg":"Processed: \u001b[35mlayout/_partials/footer.swig\u001b[39m","time":"2017-02-18T06:27:51.050Z","v":0}
{"name":"hexo","hostname":"wlqdeMacBook-Pro.local","pid":3655,"level":20,"msg":"Processed: \u001b[35mlayout/_partials/head.swig\u001b[39m","time":"2017-02-18T06:27:51.050Z","v":0}
{"name":"hexo","hostname":"wlqdeMacBook-Pro.local","pid":3655,"level":20,"msg":"Processed: \u001b[35mlayout/_partials/header.swig\u001b[39m","time":"2017-02-18T06:27:51.050Z","v":0}
{"name":"hexo","hostname":"wlqdeMacBook-Pro.local","pid":3655,"level":20,"msg":"Processed: \u001b[35mlayout/_partials/page-header.swig\u001b[39m","time":"2017-02-18T06:27:51.050Z","v":0}
{"name":"hexo","hostname":"wlqdeMacBook-Pro.local","pid":3655,"level":20,"msg":"Processed: \u001b[35mlayout/_partials/pagination.swig\u001b[39m","time":"2017-02-18T06:27:51.050Z","v":0}
{"name":"hexo","hostname":"wlqdeMacBook-Pro.local","pid":3655,"level":20,"msg":"Processed: \u001b[35mlayout/_partials/search.swig\u001b[39m","time":"2017-02-18T06:27:51.050Z","v":0}
{"name":"hexo","hostname":"wlqdeMacBook-Pro.local","pid":3655,"level":20,"msg":"Processed: \u001b[35msource/js/src/schemes/pisces.js\u001b[39m","time":"2017-02-18T06:27:51.054Z","v":0}
{"name":"hexo","hostname":"wlqdeMacBook-Pro.local","pid":3655,"level":20,"msg":"Processed: \u001b[35msource/lib/fancybox/source/blank.gif\u001b[39m","time":"2017-02-18T06:27:51.055Z","v":0}
{"name":"hexo","hostname":"wlqdeMacBook-Pro.local","pid":3655,"level":20,"msg":"Processed: \u001b[35msource/lib/fancybox/source/fancybox_loading.gif\u001b[39m","time":"2017-02-18T06:27:51.055Z","v":0}
{"name":"hexo","hostname":"wlqdeMacBook-Pro.local","pid":3655,"level":20,"msg":"Processed: \u001b[35msource/lib/fancybox/source/fancybox_overlay.png\u001b[39m","time":"2017-02-18T06:27:51.056Z","v":0}
{"name":"hexo","hostname":"wlqdeMacBook-Pro.local","pid":3655,"level":20,"msg":"Processed: \u001b[35msource/lib/fancybox/source/fancybox_loading@2x.gif\u001b[39m","time":"2017-02-18T06:27:51.056Z","v":0}
{"name":"hexo","hostname":"wlqdeMacBook-Pro.local","pid":3655,"level":20,"msg":"Processed: \u001b[35msource/lib/fancybox/source/fancybox_sprite.png\u001b[39m","time":"2017-02-18T06:27:51.056Z","v":0}
{"name":"hexo","hostname":"wlqdeMacBook-Pro.local","pid":3655,"level":20,"msg":"Processed: \u001b[35msource/lib/fancybox/source/fancybox_sprite@2x.png\u001b[39m","time":"2017-02-18T06:27:51.056Z","v":0}
{"name":"hexo","hostname":"wlqdeMacBook-Pro.local","pid":3655,"level":20,"msg":"Processed: \u001b[35msource/lib/fancybox/source/jquery.fancybox.css\u001b[39m","time":"2017-02-18T06:27:51.057Z","v":0}
{"name":"hexo","hostname":"wlqdeMacBook-Pro.local","pid":3655,"level":20,"msg":"Processed: \u001b[35msource/lib/fancybox/source/jquery.fancybox.js\u001b[39m","time":"2017-02-18T06:27:51.057Z","v":0}
{"name":"hexo","hostname":"wlqdeMacBook-Pro.local","pid":3655,"level":20,"msg":"Processed: \u001b[35msource/lib/fancybox/source/jquery.fancybox.pack.js\u001b[39m","time":"2017-02-18T06:27:51.057Z","v":0}
{"name":"hexo","hostname":"wlqdeMacBook-Pro.local","pid":3655,"level":20,"msg":"Processed: \u001b[35msource/lib/fastclick/lib/fastclick.min.js\u001b[39m","time":"2017-02-18T06:27:51.058Z","v":0}
{"name":"hexo","hostname":"wlqdeMacBook-Pro.local","pid":3655,"level":20,"msg":"Processed: \u001b[35msource/lib/fastclick/lib/fastclick.js\u001b[39m","time":"2017-02-18T06:27:51.058Z","v":0}
{"name":"hexo","hostname":"wlqdeMacBook-Pro.local","pid":3655,"level":20,"msg":"Processed: \u001b[35msource/lib/font-awesome/css/font-awesome.css.map\u001b[39m","time":"2017-02-18T06:27:51.058Z","v":0}
{"name":"hexo","hostname":"wlqdeMacBook-Pro.local","pid":3655,"level":20,"msg":"Processed: \u001b[35msource/lib/font-awesome/css/font-awesome.css\u001b[39m","time":"2017-02-18T06:27:51.058Z","v":0}
{"name":"hexo","hostname":"wlqdeMacBook-Pro.local","pid":3655,"level":20,"msg":"Processed: \u001b[35msource/lib/font-awesome/css/font-awesome.min.css\u001b[39m","time":"2017-02-18T06:27:51.058Z","v":0}
{"name":"hexo","hostname":"wlqdeMacBook-Pro.local","pid":3655,"level":20,"msg":"Processed: \u001b[35msource/lib/ua-parser-js/dist/ua-parser.min.js\u001b[39m","time":"2017-02-18T06:27:51.058Z","v":0}
{"name":"hexo","hostname":"wlqdeMacBook-Pro.local","pid":3655,"level":20,"msg":"Processed: \u001b[35msource/lib/ua-parser-js/dist/ua-parser.pack.js\u001b[39m","time":"2017-02-18T06:27:51.059Z","v":0}
{"name":"hexo","hostname":"wlqdeMacBook-Pro.local","pid":3655,"level":20,"msg":"Processed: \u001b[35mlayout/_scripts/schemes/mist.swig\u001b[39m","time":"2017-02-18T06:27:51.063Z","v":0}
{"name":"hexo","hostname":"wlqdeMacBook-Pro.local","pid":3655,"level":20,"msg":"Processed: \u001b[35mlayout/_scripts/schemes/muse.swig\u001b[39m","time":"2017-02-18T06:27:51.063Z","v":0}
{"name":"hexo","hostname":"wlqdeMacBook-Pro.local","pid":3655,"level":20,"msg":"Processed: \u001b[35msource/lib/font-awesome/fonts/fontawesome-webfont.eot\u001b[39m","time":"2017-02-18T06:27:51.063Z","v":0}
{"name":"hexo","hostname":"wlqdeMacBook-Pro.local","pid":3655,"level":20,"msg":"Processed: \u001b[35msource/lib/font-awesome/fonts/FontAwesome.otf\u001b[39m","time":"2017-02-18T06:27:51.064Z","v":0}
{"name":"hexo","hostname":"wlqdeMacBook-Pro.local","pid":3655,"level":20,"msg":"Processed: \u001b[35msource/lib/velocity/velocity.js\u001b[39m","time":"2017-02-18T06:27:51.064Z","v":0}
{"name":"hexo","hostname":"wlqdeMacBook-Pro.local","pid":3655,"level":20,"msg":"Processed: \u001b[35msource/lib/font-awesome/fonts/fontawesome-webfont.woff2\u001b[39m","time":"2017-02-18T06:27:51.064Z","v":0}
{"name":"hexo","hostname":"wlqdeMacBook-Pro.local","pid":3655,"level":20,"msg":"Processed: \u001b[35msource/lib/font-awesome/fonts/fontawesome-webfont.woff\u001b[39m","time":"2017-02-18T06:27:51.064Z","v":0}
{"name":"hexo","hostname":"wlqdeMacBook-Pro.local","pid":3655,"level":20,"msg":"Processed: \u001b[35mlayout/_components/algolia-search/assets.swig\u001b[39m","time":"2017-02-18T06:27:51.077Z","v":0}
{"name":"hexo","hostname":"wlqdeMacBook-Pro.local","pid":3655,"level":20,"msg":"Processed: \u001b[35mlayout/_components/algolia-search/dom.swig\u001b[39m","time":"2017-02-18T06:27:51.078Z","v":0}
{"name":"hexo","hostname":"wlqdeMacBook-Pro.local","pid":3655,"level":20,"msg":"Processed: \u001b[35mlayout/_scripts/pages/post-details.swig\u001b[39m","time":"2017-02-18T06:27:51.078Z","v":0}
{"name":"hexo","hostname":"wlqdeMacBook-Pro.local","pid":3655,"level":20,"msg":"Processed: \u001b[35mlayout/_scripts/schemes/pisces.swig\u001b[39m","time":"2017-02-18T06:27:51.078Z","v":0}
{"name":"hexo","hostname":"wlqdeMacBook-Pro.local","pid":3655,"level":20,"msg":"Processed: \u001b[35mlayout/_scripts/third-party/analytics.swig\u001b[39m","time":"2017-02-18T06:27:51.078Z","v":0}
{"name":"hexo","hostname":"wlqdeMacBook-Pro.local","pid":3655,"level":20,"msg":"Processed: \u001b[35mlayout/_scripts/third-party/comments.swig\u001b[39m","time":"2017-02-18T06:27:51.078Z","v":0}
{"name":"hexo","hostname":"wlqdeMacBook-Pro.local","pid":3655,"level":20,"msg":"Processed: \u001b[35mlayout/_scripts/third-party/lean-analytics.swig\u001b[39m","time":"2017-02-18T06:27:51.078Z","v":0}
{"name":"hexo","hostname":"wlqdeMacBook-Pro.local","pid":3655,"level":20,"msg":"Processed: \u001b[35mlayout/_scripts/third-party/localsearch.swig\u001b[39m","time":"2017-02-18T06:27:51.078Z","v":0}
{"name":"hexo","hostname":"wlqdeMacBook-Pro.local","pid":3655,"level":20,"msg":"Processed: \u001b[35mlayout/_scripts/third-party/schedule.swig\u001b[39m","time":"2017-02-18T06:27:51.078Z","v":0}
{"name":"hexo","hostname":"wlqdeMacBook-Pro.local","pid":3655,"level":20,"msg":"Processed: \u001b[35mlayout/_scripts/third-party/mathjax.swig\u001b[39m","time":"2017-02-18T06:27:51.078Z","v":0}
{"name":"hexo","hostname":"wlqdeMacBook-Pro.local","pid":3655,"level":20,"msg":"Processed: \u001b[35mlayout/_scripts/third-party/tinysou.swig\u001b[39m","time":"2017-02-18T06:27:51.078Z","v":0}
{"name":"hexo","hostname":"wlqdeMacBook-Pro.local","pid":3655,"level":20,"msg":"Processed: \u001b[35mlayout/_partials/head/custom-head.swig\u001b[39m","time":"2017-02-18T06:27:51.079Z","v":0}
{"name":"hexo","hostname":"wlqdeMacBook-Pro.local","pid":3655,"level":20,"msg":"Processed: \u001b[35mlayout/_partials/head/external-fonts.swig\u001b[39m","time":"2017-02-18T06:27:51.079Z","v":0}
{"name":"hexo","hostname":"wlqdeMacBook-Pro.local","pid":3655,"level":20,"msg":"Processed: \u001b[35mlayout/_partials/search/localsearch.swig\u001b[39m","time":"2017-02-18T06:27:51.079Z","v":0}
{"name":"hexo","hostname":"wlqdeMacBook-Pro.local","pid":3655,"level":20,"msg":"Processed: \u001b[35mlayout/_partials/search/swiftype.swig\u001b[39m","time":"2017-02-18T06:27:51.079Z","v":0}
{"name":"hexo","hostname":"wlqdeMacBook-Pro.local","pid":3655,"level":20,"msg":"Processed: \u001b[35mlayout/_partials/share/add-this.swig\u001b[39m","time":"2017-02-18T06:27:51.079Z","v":0}
{"name":"hexo","hostname":"wlqdeMacBook-Pro.local","pid":3655,"level":20,"msg":"Processed: \u001b[35mlayout/_partials/search/tinysou.swig\u001b[39m","time":"2017-02-18T06:27:51.079Z","v":0}
{"name":"hexo","hostname":"wlqdeMacBook-Pro.local","pid":3655,"level":20,"msg":"Processed: \u001b[35mlayout/_partials/share/baidushare.swig\u001b[39m","time":"2017-02-18T06:27:51.079Z","v":0}
{"name":"hexo","hostname":"wlqdeMacBook-Pro.local","pid":3655,"level":20,"msg":"Processed: \u001b[35mlayout/_partials/share/duoshuo_share.swig\u001b[39m","time":"2017-02-18T06:27:51.079Z","v":0}
{"name":"hexo","hostname":"wlqdeMacBook-Pro.local","pid":3655,"level":20,"msg":"Processed: \u001b[35mlayout/_partials/share/jiathis.swig\u001b[39m","time":"2017-02-18T06:27:51.079Z","v":0}
{"name":"hexo","hostname":"wlqdeMacBook-Pro.local","pid":3655,"level":20,"msg":"Processed: \u001b[35msource/lib/fancybox/source/helpers/fancybox_buttons.png\u001b[39m","time":"2017-02-18T06:27:51.084Z","v":0}
{"name":"hexo","hostname":"wlqdeMacBook-Pro.local","pid":3655,"level":20,"msg":"Processed: \u001b[35msource/lib/fancybox/source/helpers/jquery.fancybox-buttons.css\u001b[39m","time":"2017-02-18T06:27:51.085Z","v":0}
{"name":"hexo","hostname":"wlqdeMacBook-Pro.local","pid":3655,"level":20,"msg":"Processed: \u001b[35msource/lib/fancybox/source/helpers/jquery.fancybox-buttons.js\u001b[39m","time":"2017-02-18T06:27:51.085Z","v":0}
{"name":"hexo","hostname":"wlqdeMacBook-Pro.local","pid":3655,"level":20,"msg":"Processed: \u001b[35msource/lib/fancybox/source/helpers/jquery.fancybox-media.js\u001b[39m","time":"2017-02-18T06:27:51.085Z","v":0}
{"name":"hexo","hostname":"wlqdeMacBook-Pro.local","pid":3655,"level":20,"msg":"Processed: \u001b[35msource/lib/fancybox/source/helpers/jquery.fancybox-thumbs.css\u001b[39m","time":"2017-02-18T06:27:51.085Z","v":0}
{"name":"hexo","hostname":"wlqdeMacBook-Pro.local","pid":3655,"level":20,"msg":"Processed: \u001b[35msource/lib/fancybox/source/helpers/jquery.fancybox-thumbs.js\u001b[39m","time":"2017-02-18T06:27:51.085Z","v":0}
{"name":"hexo","hostname":"wlqdeMacBook-Pro.local","pid":3655,"level":20,"msg":"Processed: \u001b[35msource/lib/font-awesome/fonts/fontawesome-webfont.ttf\u001b[39m","time":"2017-02-18T06:27:51.085Z","v":0}
{"name":"hexo","hostname":"wlqdeMacBook-Pro.local","pid":3655,"level":20,"msg":"Processed: \u001b[35mlayout/_scripts/third-party/analytics/application-insights.swig\u001b[39m","time":"2017-02-18T06:27:51.108Z","v":0}
{"name":"hexo","hostname":"wlqdeMacBook-Pro.local","pid":3655,"level":20,"msg":"Processed: \u001b[35mlayout/_scripts/third-party/analytics/baidu-analytics.swig\u001b[39m","time":"2017-02-18T06:27:51.108Z","v":0}
{"name":"hexo","hostname":"wlqdeMacBook-Pro.local","pid":3655,"level":20,"msg":"Processed: \u001b[35mlayout/_scripts/third-party/analytics/busuanzi-counter.swig\u001b[39m","time":"2017-02-18T06:27:51.108Z","v":0}
{"name":"hexo","hostname":"wlqdeMacBook-Pro.local","pid":3655,"level":20,"msg":"Processed: \u001b[35mlayout/_scripts/third-party/analytics/google-analytics.swig\u001b[39m","time":"2017-02-18T06:27:51.108Z","v":0}
{"name":"hexo","hostname":"wlqdeMacBook-Pro.local","pid":3655,"level":20,"msg":"Processed: \u001b[35mlayout/_scripts/third-party/analytics/facebook-sdk.swig\u001b[39m","time":"2017-02-18T06:27:51.108Z","v":0}
{"name":"hexo","hostname":"wlqdeMacBook-Pro.local","pid":3655,"level":20,"msg":"Processed: \u001b[35mlayout/_scripts/third-party/analytics/cnzz-analytics.swig\u001b[39m","time":"2017-02-18T06:27:51.108Z","v":0}
{"name":"hexo","hostname":"wlqdeMacBook-Pro.local","pid":3655,"level":20,"msg":"Processed: \u001b[35mlayout/_scripts/third-party/analytics/tencent-analytics.swig\u001b[39m","time":"2017-02-18T06:27:51.108Z","v":0}
{"name":"hexo","hostname":"wlqdeMacBook-Pro.local","pid":3655,"level":20,"msg":"Processed: \u001b[35mlayout/_scripts/third-party/comments/disqus.swig\u001b[39m","time":"2017-02-18T06:27:51.108Z","v":0}
{"name":"hexo","hostname":"wlqdeMacBook-Pro.local","pid":3655,"level":20,"msg":"Processed: \u001b[35mlayout/_scripts/third-party/analytics/vkontakte-api.swig\u001b[39m","time":"2017-02-18T06:27:51.108Z","v":0}
{"name":"hexo","hostname":"wlqdeMacBook-Pro.local","pid":3655,"level":20,"msg":"Processed: \u001b[35mlayout/_scripts/third-party/comments/duoshuo.swig\u001b[39m","time":"2017-02-18T06:27:51.108Z","v":0}
{"name":"hexo","hostname":"wlqdeMacBook-Pro.local","pid":3655,"level":20,"msg":"Processed: \u001b[35mlayout/_scripts/third-party/analytics/tencent-mta.swig\u001b[39m","time":"2017-02-18T06:27:51.108Z","v":0}
{"name":"hexo","hostname":"wlqdeMacBook-Pro.local","pid":3655,"level":20,"msg":"Processed: \u001b[35mlayout/_scripts/third-party/comments/gentie.swig\u001b[39m","time":"2017-02-18T06:27:51.108Z","v":0}
{"name":"hexo","hostname":"wlqdeMacBook-Pro.local","pid":3655,"level":20,"msg":"Processed: \u001b[35msource/lib/algolia-instant-search/instantsearch.min.js\u001b[39m","time":"2017-02-18T06:27:51.109Z","v":0}
{"name":"hexo","hostname":"wlqdeMacBook-Pro.local","pid":3655,"level":20,"msg":"Processed: \u001b[35mlayout/_scripts/third-party/comments/hypercomments.swig\u001b[39m","time":"2017-02-18T06:27:51.113Z","v":0}
{"name":"hexo","hostname":"wlqdeMacBook-Pro.local","pid":3655,"level":20,"msg":"Processed: \u001b[35mlayout/_scripts/third-party/comments/livere.swig\u001b[39m","time":"2017-02-18T06:27:51.113Z","v":0}
{"name":"hexo","hostname":"wlqdeMacBook-Pro.local","pid":3655,"level":20,"msg":"Processed: \u001b[35mlayout/_scripts/third-party/comments/youyan.swig\u001b[39m","time":"2017-02-18T06:27:51.113Z","v":0}
{"name":"hexo","hostname":"wlqdeMacBook-Pro.local","pid":3655,"level":20,"msg":"Processed: \u001b[35msource/lib/font-awesome/fonts/fontawesome-webfont.svg\u001b[39m","time":"2017-02-18T06:27:51.114Z","v":0}
{"name":"hexo","hostname":"wlqdeMacBook-Pro.local","pid":3655,"level":20,"msg":"Generator: \u001b[35mpage\u001b[39m","time":"2017-02-18T06:27:51.324Z","v":0}
{"name":"hexo","hostname":"wlqdeMacBook-Pro.local","pid":3655,"level":20,"msg":"Generator: \u001b[35mpost\u001b[39m","time":"2017-02-18T06:27:51.324Z","v":0}
{"name":"hexo","hostname":"wlqdeMacBook-Pro.local","pid":3655,"level":20,"msg":"Generator: \u001b[35mcategory\u001b[39m","time":"2017-02-18T06:27:51.324Z","v":0}
{"name":"hexo","hostname":"wlqdeMacBook-Pro.local","pid":3655,"level":20,"msg":"Generator: \u001b[35mindex\u001b[39m","time":"2017-02-18T06:27:51.324Z","v":0}
{"name":"hexo","hostname":"wlqdeMacBook-Pro.local","pid":3655,"level":20,"msg":"Generator: \u001b[35marchive\u001b[39m","time":"2017-02-18T06:27:51.324Z","v":0}
{"name":"hexo","hostname":"wlqdeMacBook-Pro.local","pid":3655,"level":20,"msg":"Generator: \u001b[35mtag\u001b[39m","time":"2017-02-18T06:27:51.324Z","v":0}
{"name":"hexo","hostname":"wlqdeMacBook-Pro.local","pid":3655,"level":20,"msg":"Generator: \u001b[35masset\u001b[39m","time":"2017-02-18T06:27:51.325Z","v":0}
{"name":"hexo","hostname":"wlqdeMacBook-Pro.local","pid":3655,"level":30,"msg":"Hexo is running at \u001b[4mhttp://localhost:4000/\u001b[24m. Press Ctrl+C to stop.","time":"2017-02-18T06:27:51.331Z","v":0}
{"name":"hexo","hostname":"wlqdeMacBook-Pro.local","pid":3655,"level":20,"msg":"Database saved","time":"2017-02-18T06:27:51.345Z","v":0}
{"name":"hexo","hostname":"wlqdeMacBook-Pro.local","pid":3655,"level":20,"msg":"Rendering index: \u001b[35mindex.html\u001b[39m","time":"2017-02-18T06:28:03.284Z","v":0}
{"name":"hexo","hostname":"wlqdeMacBook-Pro.local","pid":3655,"level":20,"msg":"Rendering post: \u001b[35m2017/02/18/test/index.html\u001b[39m","time":"2017-02-18T06:29:52.544Z","v":0}
{"name":"hexo","hostname":"wlqdeMacBook-Pro.local","pid":3655,"level":30,"msg":"Farewell","time":"2017-02-18T06:46:23.401Z","v":0}
{"name":"hexo","hostname":"wlqdeMacBook-Pro.local","pid":3655,"level":20,"msg":"Database saved","time":"2017-02-18T06:46:23.423Z","v":0}
